<?xml version="1.0" encoding="UTF-8"?>
<testsuites>
  <testsuite id="0" name="/Users/christinekies/va_api/loast/test/commands/positive.test.ts" errors="0" package="/Users/christinekies/va_api/loast/test/commands/positive.test.ts" hostname="localhost" tests="4" failures="0" time="0.986" timestamp="2020-11-13T23:20:58">
    <properties>
    </properties>
    <testcase classname="API key is not set" name="throws an error" time="0">
    </testcase>
    <testcase classname="Provided file does not exist" name="throws an error" time="0">
    </testcase>
    <testcase classname="Non-json file" name="throws an error" time="0">
    </testcase>
    <testcase classname="Invalid json" name="throws an error" time="0">
    </testcase>
    <system-out/>
    <system-err/>
  </testsuite>
  <testsuite id="1" name="/Users/christinekies/va_api/loast/test/utilities/utilities.test.ts" errors="0" package="/Users/christinekies/va_api/loast/test/utilities/utilities.test.ts" hostname="localhost" tests="2" failures="0" time="1.429" timestamp="2020-11-13T23:20:58">
    <properties>
    </properties>
    <testcase classname="getParameters" name="gets parameters from forms_oas.json" time="0">
    </testcase>
    <testcase classname="getParameters" name="gets parameters from facitilities_oas.json" time="0">
    </testcase>
    <system-out/>
    <system-err/>
  </testsuite>
</testsuites>